<?xml version="1.0" encoding="UTF-8"?>
<coverage generated="1773937040182" clover="3.2.0">
  <project timestamp="1773937040183" name="All files">
    <metrics statements="97" coveredstatements="94" conditionals="28" coveredconditionals="20" methods="25" coveredmethods="25" elements="150" coveredelements="139" complexity="0" loc="97" ncloc="97" packages="2" files="3" classes="3"/>
    <package name="backend">
      <metrics statements="74" coveredstatements="71" conditionals="24" coveredconditionals="17" methods="17" coveredmethods="17"/>
      <file name="blockchain.js" path="/Users/mac/dev/nodeJS/RD_anken/backend/blockchain.js">
        <metrics statements="23" coveredstatements="23" conditionals="4" coveredconditionals="2" methods="8" coveredmethods="8"/>
        <line num="1" count="1" type="stmt"/>
        <line num="5" count="9" type="stmt"/>
        <line num="6" count="9" type="stmt"/>
        <line num="7" count="9" type="stmt"/>
        <line num="8" count="9" type="stmt"/>
        <line num="9" count="9" type="stmt"/>
        <line num="14" count="45" type="stmt"/>
        <line num="18" count="45" type="stmt"/>
        <line num="24" count="1" type="stmt"/>
        <line num="28" count="1" type="stmt"/>
        <line num="32" count="8" type="stmt"/>
        <line num="36" count="8" type="stmt"/>
        <line num="37" count="8" type="stmt"/>
        <line num="38" count="8" type="stmt"/>
        <line num="39" count="8" type="stmt"/>
        <line num="43" count="13" type="stmt"/>
        <line num="44" count="36" type="stmt"/>
        <line num="45" count="36" type="stmt"/>
        <line num="46" count="36" type="cond" truecount="1" falsecount="1"/>
        <line num="47" count="36" type="cond" truecount="1" falsecount="1"/>
        <line num="49" count="13" type="stmt"/>
        <line num="53" count="10" type="stmt"/>
        <line num="57" count="1" type="stmt"/>
      </file>
      <file name="server.js" path="/Users/mac/dev/nodeJS/RD_anken/backend/server.js">
        <metrics statements="51" coveredstatements="48" conditionals="20" coveredconditionals="15" methods="9" coveredmethods="9"/>
        <line num="1" count="1" type="stmt"/>
        <line num="2" count="1" type="stmt"/>
        <line num="3" count="1" type="stmt"/>
        <line num="4" count="1" type="stmt"/>
        <line num="5" count="1" type="stmt"/>
        <line num="6" count="1" type="stmt"/>
        <line num="7" count="1" type="stmt"/>
        <line num="9" count="1" type="stmt"/>
        <line num="10" count="1" type="stmt"/>
        <line num="12" count="1" type="stmt"/>
        <line num="13" count="1" type="stmt"/>
        <line num="16" count="1" type="stmt"/>
        <line num="19" count="11" type="stmt"/>
        <line num="20" count="11" type="stmt"/>
        <line num="24" count="1" type="stmt"/>
        <line num="28" count="12" type="stmt"/>
        <line num="29" count="12" type="cond" truecount="4" falsecount="0"/>
        <line num="30" count="11" type="stmt"/>
        <line num="32" count="1" type="stmt"/>
        <line num="38" count="1" type="stmt"/>
        <line num="42" count="11" type="stmt"/>
        <line num="43" count="11" type="stmt"/>
        <line num="44" count="11" type="cond" truecount="2" falsecount="0"/>
        <line num="46" count="3" type="stmt"/>
        <line num="47" count="3" type="stmt"/>
        <line num="48" count="2" type="cond" truecount="1" falsecount="2"/>
        <line num="50" count="1" type="cond" truecount="1" falsecount="1"/>
        <line num="52" count="3" type="stmt"/>
        <line num="54" count="8" type="stmt"/>
        <line num="55" count="8" type="stmt"/>
        <line num="57" count="0" type="stmt"/>
        <line num="64" count="1" type="stmt"/>
        <line num="65" count="12" type="cond" truecount="2" falsecount="0"/>
        <line num="66" count="1" type="stmt"/>
        <line num="69" count="11" type="stmt"/>
        <line num="71" count="11" type="stmt"/>
        <line num="72" count="11" type="stmt"/>
        <line num="74" count="8" type="cond" truecount="1" falsecount="1"/>
        <line num="75" count="0" type="stmt"/>
        <line num="79" count="8" type="stmt"/>
        <line num="86" count="8" type="stmt"/>
        <line num="88" count="8" type="stmt"/>
        <line num="94" count="3" type="stmt"/>
        <line num="97" count="11" type="stmt"/>
        <line num="102" count="1" type="stmt"/>
        <line num="103" count="1" type="cond" truecount="4" falsecount="1"/>
        <line num="104" count="1" type="stmt"/>
        <line num="106" count="0" type="stmt"/>
        <line num="110" count="1" type="stmt"/>
        <line num="111" count="5" type="stmt"/>
        <line num="127" count="1" type="stmt"/>
      </file>
    </package>
    <package name="backend.__testHelpers__">
      <metrics statements="23" coveredstatements="23" conditionals="4" coveredconditionals="3" methods="8" coveredmethods="8"/>
      <file name="blockchainFactory.js" path="/Users/mac/dev/nodeJS/RD_anken/backend/__testHelpers__/blockchainFactory.js">
        <metrics statements="23" coveredstatements="23" conditionals="4" coveredconditionals="3" methods="8" coveredmethods="8"/>
        <line num="7" count="1" type="stmt"/>
        <line num="11" count="44" type="stmt"/>
        <line num="12" count="44" type="stmt"/>
        <line num="13" count="44" type="stmt"/>
        <line num="14" count="44" type="stmt"/>
        <line num="15" count="44" type="stmt"/>
        <line num="20" count="51" type="stmt"/>
        <line num="24" count="51" type="stmt"/>
        <line num="30" count="18" type="stmt"/>
        <line num="34" count="18" type="stmt"/>
        <line num="38" count="19" type="stmt"/>
        <line num="42" count="16" type="stmt"/>
        <line num="43" count="16" type="stmt"/>
        <line num="44" count="16" type="stmt"/>
        <line num="45" count="16" type="stmt"/>
        <line num="49" count="5" type="stmt"/>
        <line num="50" count="5" type="stmt"/>
        <line num="51" count="5" type="stmt"/>
        <line num="52" count="5" type="cond" truecount="2" falsecount="0"/>
        <line num="53" count="2" type="cond" truecount="1" falsecount="1"/>
        <line num="55" count="2" type="stmt"/>
        <line num="59" count="11" type="stmt"/>
        <line num="63" count="1" type="stmt"/>
      </file>
    </package>
  </project>
</coverage>
