{"/Users/mac/dev/nodeJS/RD_anken/backend/blockchain.js": {"path":"/Users/mac/dev/nodeJS/RD_anken/backend/blockchain.js","statementMap":{"0":{"start":{"line":1,"column":15},"end":{"line":1,"column":32}},"1":{"start":{"line":5,"column":4},"end":{"line":5,"column":23}},"2":{"start":{"line":6,"column":4},"end":{"line":6,"column":46}},"3":{"start":{"line":7,"column":4},"end":{"line":7,"column":21}},"4":{"start":{"line":8,"column":4},"end":{"line":8,"column":37}},"5":{"start":{"line":9,"column":4},"end":{"line":9,"column":37}},"6":{"start":{"line":14,"column":6},"end":{"line":17,"column":23}},"7":{"start":{"line":18,"column":4},"end":{"line":18,"column":69}},"8":{"start":{"line":24,"column":4},"end":{"line":24,"column":45}},"9":{"start":{"line":28,"column":4},"end":{"line":28,"column":59}},"10":{"start":{"line":32,"column":4},"end":{"line":32,"column":45}},"11":{"start":{"line":36,"column":17},"end":{"line":36,"column":38}},"12":{"start":{"line":37,"column":18},"end":{"line":37,"column":63}},"13":{"start":{"line":38,"column":4},"end":{"line":38,"column":27}},"14":{"start":{"line":39,"column":4},"end":{"line":39,"column":17}},"15":{"start":{"line":43,"column":4},"end":{"line":48,"column":5}},"16":{"start":{"line":43,"column":17},"end":{"line":43,"column":18}},"17":{"start":{"line":44,"column":22},"end":{"line":44,"column":35}},"18":{"start":{"line":45,"column":23},"end":{"line":45,"column":40}},"19":{"start":{"line":46,"column":6},"end":{"line":46,"column":65}},"20":{"start":{"line":46,"column":52},"end":{"line":46,"column":65}},"21":{"start":{"line":47,"column":6},"end":{"line":47,"column":63}},"22":{"start":{"line":47,"column":50},"end":{"line":47,"column":63}},"23":{"start":{"line":49,"column":4},"end":{"line":49,"column":16}},"24":{"start":{"line":53,"column":4},"end":{"line":53,"column":22}},"25":{"start":{"line":57,"column":0},"end":{"line":57,"column":34}}},"fnMap":{"0":{"name":"(anonymous_0)","decl":{"start":{"line":4,"column":2},"end":{"line":4,"column":3}},"loc":{"start":{"line":4,"column":41},"end":{"line":10,"column":3}},"line":4},"1":{"name":"(anonymous_1)","decl":{"start":{"line":12,"column":2},"end":{"line":12,"column":3}},"loc":{"start":{"line":12,"column":18},"end":{"line":19,"column":3}},"line":12},"2":{"name":"(anonymous_2)","decl":{"start":{"line":23,"column":2},"end":{"line":23,"column":3}},"loc":{"start":{"line":23,"column":16},"end":{"line":25,"column":3}},"line":23},"3":{"name":"(anonymous_3)","decl":{"start":{"line":27,"column":2},"end":{"line":27,"column":3}},"loc":{"start":{"line":27,"column":23},"end":{"line":29,"column":3}},"line":27},"4":{"name":"(anonymous_4)","decl":{"start":{"line":31,"column":2},"end":{"line":31,"column":3}},"loc":{"start":{"line":31,"column":19},"end":{"line":33,"column":3}},"line":31},"5":{"name":"(anonymous_5)","decl":{"start":{"line":35,"column":2},"end":{"line":35,"column":3}},"loc":{"start":{"line":35,"column":17},"end":{"line":40,"column":3}},"line":35},"6":{"name":"(anonymous_6)","decl":{"start":{"line":42,"column":2},"end":{"line":42,"column":3}},"loc":{"start":{"line":42,"column":12},"end":{"line":50,"column":3}},"line":42},"7":{"name":"(anonymous_7)","decl":{"start":{"line":52,"column":2},"end":{"line":52,"column":3}},"loc":{"start":{"line":52,"column":13},"end":{"line":54,"column":3}},"line":52}},"branchMap":{"0":{"loc":{"start":{"line":46,"column":6},"end":{"line":46,"column":65}},"type":"if","locations":[{"start":{"line":46,"column":6},"end":{"line":46,"column":65}},{"start":{},"end":{}}],"line":46},"1":{"loc":{"start":{"line":47,"column":6},"end":{"line":47,"column":63}},"type":"if","locations":[{"start":{"line":47,"column":6},"end":{"line":47,"column":63}},{"start":{},"end":{}}],"line":47}},"s":{"0":1,"1":9,"2":9,"3":9,"4":9,"5":9,"6":45,"7":45,"8":1,"9":1,"10":8,"11":8,"12":8,"13":8,"14":8,"15":13,"16":13,"17":36,"18":36,"19":36,"20":0,"21":36,"22":0,"23":13,"24":10,"25":1},"f":{"0":9,"1":45,"2":1,"3":1,"4":8,"5":8,"6":13,"7":10},"b":{"0":[0,36],"1":[0,36]},"_coverageSchema":"1a1c01bbd47fc00a2c39e90264f33305004495a9","hash":"d721259512b9e6d7317878303824c2f6fa046019"}
,"/Users/mac/dev/nodeJS/RD_anken/backend/server.js": {"path":"/Users/mac/dev/nodeJS/RD_anken/backend/server.js","statementMap":{"0":{"start":{"line":1,"column":16},"end":{"line":1,"column":34}},"1":{"start":{"line":2,"column":15},"end":{"line":2,"column":32}},"2":{"start":{"line":3,"column":13},"end":{"line":3,"column":28}},"3":{"start":{"line":4,"column":13},"end":{"line":4,"column":28}},"4":{"start":{"line":5,"column":21},"end":{"line":5,"column":45}},"5":{"start":{"line":6,"column":11},"end":{"line":6,"column":24}},"6":{"start":{"line":7,"column":19},"end":{"line":7,"column":42}},"7":{"start":{"line":9,"column":12},"end":{"line":9,"column":21}},"8":{"start":{"line":10,"column":13},"end":{"line":10,"column":17}},"9":{"start":{"line":12,"column":0},"end":{"line":12,"column":16}},"10":{"start":{"line":13,"column":0},"end":{"line":13,"column":24}},"11":{"start":{"line":16,"column":16},"end":{"line":22,"column":2}},"12":{"start":{"line":19,"column":16},"end":{"line":19,"column":61}},"13":{"start":{"line":20,"column":4},"end":{"line":20,"column":75}},"14":{"start":{"line":24,"column":15},"end":{"line":35,"column":2}},"15":{"start":{"line":28,"column":20},"end":{"line":28,"column":89}},"16":{"start":{"line":29,"column":4},"end":{"line":33,"column":5}},"17":{"start":{"line":30,"column":6},"end":{"line":30,"column":21}},"18":{"start":{"line":32,"column":6},"end":{"line":32,"column":63}},"19":{"start":{"line":38,"column":22},"end":{"line":38,"column":66}},"20":{"start":{"line":42,"column":2},"end":{"line":60,"column":5}},"21":{"start":{"line":43,"column":4},"end":{"line":59,"column":7}},"22":{"start":{"line":44,"column":6},"end":{"line":53,"column":7}},"23":{"start":{"line":46,"column":8},"end":{"line":51,"column":9}},"24":{"start":{"line":47,"column":25},"end":{"line":47,"column":43}},"25":{"start":{"line":48,"column":10},"end":{"line":48,"column":67}},"26":{"start":{"line":50,"column":10},"end":{"line":50,"column":51}},"27":{"start":{"line":52,"column":8},"end":{"line":52,"column":15}},"28":{"start":{"line":54,"column":6},"end":{"line":58,"column":7}},"29":{"start":{"line":55,"column":8},"end":{"line":55,"column":36}},"30":{"start":{"line":57,"column":8},"end":{"line":57,"column":62}},"31":{"start":{"line":64,"column":0},"end":{"line":99,"column":3}},"32":{"start":{"line":65,"column":2},"end":{"line":67,"column":3}},"33":{"start":{"line":66,"column":4},"end":{"line":66,"column":66}},"34":{"start":{"line":69,"column":23},"end":{"line":69,"column":36}},"35":{"start":{"line":71,"column":2},"end":{"line":98,"column":3}},"36":{"start":{"line":72,"column":27},"end":{"line":72,"column":64}},"37":{"start":{"line":74,"column":4},"end":{"line":76,"column":5}},"38":{"start":{"line":75,"column":6},"end":{"line":75,"column":67}},"39":{"start":{"line":79,"column":22},"end":{"line":85,"column":5}},"40":{"start":{"line":86,"column":21},"end":{"line":86,"column":51}},"41":{"start":{"line":88,"column":4},"end":{"line":92,"column":7}},"42":{"start":{"line":94,"column":4},"end":{"line":94,"column":49}},"43":{"start":{"line":97,"column":4},"end":{"line":97,"column":38}},"44":{"start":{"line":102,"column":0},"end":{"line":107,"column":3}},"45":{"start":{"line":103,"column":2},"end":{"line":105,"column":3}},"46":{"start":{"line":104,"column":4},"end":{"line":104,"column":56}},"47":{"start":{"line":106,"column":2},"end":{"line":106,"column":12}},"48":{"start":{"line":110,"column":0},"end":{"line":116,"column":3}},"49":{"start":{"line":111,"column":2},"end":{"line":115,"column":5}},"50":{"start":{"line":127,"column":0},"end":{"line":127,"column":21}}},"fnMap":{"0":{"name":"(anonymous_0)","decl":{"start":{"line":18,"column":12},"end":{"line":18,"column":13}},"loc":{"start":{"line":18,"column":31},"end":{"line":21,"column":3}},"line":18},"1":{"name":"(anonymous_1)","decl":{"start":{"line":27,"column":14},"end":{"line":27,"column":15}},"loc":{"start":{"line":27,"column":33},"end":{"line":34,"column":3}},"line":27},"2":{"name":"runPythonAnalysis","decl":{"start":{"line":41,"column":9},"end":{"line":41,"column":26}},"loc":{"start":{"line":41,"column":37},"end":{"line":61,"column":1}},"line":41},"3":{"name":"(anonymous_3)","decl":{"start":{"line":42,"column":21},"end":{"line":42,"column":22}},"loc":{"start":{"line":42,"column":42},"end":{"line":60,"column":3}},"line":42},"4":{"name":"(anonymous_4)","decl":{"start":{"line":43,"column":71},"end":{"line":43,"column":72}},"loc":{"start":{"line":43,"column":96},"end":{"line":59,"column":5}},"line":43},"5":{"name":"(anonymous_5)","decl":{"start":{"line":64,"column":49},"end":{"line":64,"column":50}},"loc":{"start":{"line":64,"column":69},"end":{"line":99,"column":1}},"line":64},"6":{"name":"(anonymous_6)","decl":{"start":{"line":97,"column":28},"end":{"line":97,"column":29}},"loc":{"start":{"line":97,"column":34},"end":{"line":97,"column":36}},"line":97},"7":{"name":"(anonymous_7)","decl":{"start":{"line":102,"column":8},"end":{"line":102,"column":9}},"loc":{"start":{"line":102,"column":33},"end":{"line":107,"column":1}},"line":102},"8":{"name":"(anonymous_8)","decl":{"start":{"line":110,"column":27},"end":{"line":110,"column":28}},"loc":{"start":{"line":110,"column":41},"end":{"line":116,"column":1}},"line":110}},"branchMap":{"0":{"loc":{"start":{"line":29,"column":4},"end":{"line":33,"column":5}},"type":"if","locations":[{"start":{"line":29,"column":4},"end":{"line":33,"column":5}},{"start":{"line":31,"column":11},"end":{"line":33,"column":5}}],"line":29},"1":{"loc":{"start":{"line":29,"column":8},"end":{"line":29,"column":92}},"type":"binary-expr","locations":[{"start":{"line":29,"column":8},"end":{"line":29,"column":39}},{"start":{"line":29,"column":43},"end":{"line":29,"column":92}}],"line":29},"2":{"loc":{"start":{"line":44,"column":6},"end":{"line":53,"column":7}},"type":"if","locations":[{"start":{"line":44,"column":6},"end":{"line":53,"column":7}},{"start":{},"end":{}}],"line":44},"3":{"loc":{"start":{"line":48,"column":27},"end":{"line":48,"column":64}},"type":"binary-expr","locations":[{"start":{"line":48,"column":27},"end":{"line":48,"column":39}},{"start":{"line":48,"column":43},"end":{"line":48,"column":49}},{"start":{"line":48,"column":53},"end":{"line":48,"column":64}}],"line":48},"4":{"loc":{"start":{"line":50,"column":27},"end":{"line":50,"column":48}},"type":"binary-expr","locations":[{"start":{"line":50,"column":27},"end":{"line":50,"column":33}},{"start":{"line":50,"column":37},"end":{"line":50,"column":48}}],"line":50},"5":{"loc":{"start":{"line":65,"column":2},"end":{"line":67,"column":3}},"type":"if","locations":[{"start":{"line":65,"column":2},"end":{"line":67,"column":3}},{"start":{},"end":{}}],"line":65},"6":{"loc":{"start":{"line":74,"column":4},"end":{"line":76,"column":5}},"type":"if","locations":[{"start":{"line":74,"column":4},"end":{"line":76,"column":5}},{"start":{},"end":{}}],"line":74},"7":{"loc":{"start":{"line":103,"column":2},"end":{"line":105,"column":3}},"type":"if","locations":[{"start":{"line":103,"column":2},"end":{"line":105,"column":3}},{"start":{},"end":{}}],"line":103},"8":{"loc":{"start":{"line":103,"column":6},"end":{"line":103,"column":91}},"type":"binary-expr","locations":[{"start":{"line":103,"column":6},"end":{"line":103,"column":17}},{"start":{"line":103,"column":22},"end":{"line":103,"column":52}},{"start":{"line":103,"column":56},"end":{"line":103,"column":90}}],"line":103}},"s":{"0":1,"1":1,"2":1,"3":1,"4":1,"5":1,"6":1,"7":1,"8":1,"9":1,"10":1,"11":1,"12":11,"13":11,"14":1,"15":12,"16":12,"17":11,"18":1,"19":1,"20":11,"21":11,"22":11,"23":3,"24":3,"25":2,"26":1,"27":3,"28":8,"29":8,"30":0,"31":1,"32":12,"33":1,"34":11,"35":11,"36":11,"37":8,"38":0,"39":8,"40":8,"41":8,"42":3,"43":11,"44":1,"45":1,"46":1,"47":0,"48":1,"49":5,"50":1},"f":{"0":11,"1":12,"2":11,"3":11,"4":11,"5":12,"6":11,"7":1,"8":5},"b":{"0":[11,1],"1":[12,1],"2":[3,8],"3":[2,0,0],"4":[1,0],"5":[1,11],"6":[0,8],"7":[1,0],"8":[1,1,1]},"_coverageSchema":"1a1c01bbd47fc00a2c39e90264f33305004495a9","hash":"69508a33f57e77863e3bbd58d658ca7ba12e8507"}
,"/Users/mac/dev/nodeJS/RD_anken/backend/__testHelpers__/blockchainFactory.js": {"path":"/Users/mac/dev/nodeJS/RD_anken/backend/__testHelpers__/blockchainFactory.js","statementMap":{"0":{"start":{"line":7,"column":15},"end":{"line":7,"column":32}},"1":{"start":{"line":11,"column":4},"end":{"line":11,"column":23}},"2":{"start":{"line":12,"column":4},"end":{"line":12,"column":46}},"3":{"start":{"line":13,"column":4},"end":{"line":13,"column":21}},"4":{"start":{"line":14,"column":4},"end":{"line":14,"column":37}},"5":{"start":{"line":15,"column":4},"end":{"line":15,"column":37}},"6":{"start":{"line":20,"column":6},"end":{"line":23,"column":23}},"7":{"start":{"line":24,"column":4},"end":{"line":24,"column":69}},"8":{"start":{"line":30,"column":4},"end":{"line":30,"column":45}},"9":{"start":{"line":34,"column":4},"end":{"line":34,"column":59}},"10":{"start":{"line":38,"column":4},"end":{"line":38,"column":45}},"11":{"start":{"line":42,"column":17},"end":{"line":42,"column":38}},"12":{"start":{"line":43,"column":18},"end":{"line":43,"column":63}},"13":{"start":{"line":44,"column":4},"end":{"line":44,"column":27}},"14":{"start":{"line":45,"column":4},"end":{"line":45,"column":17}},"15":{"start":{"line":49,"column":4},"end":{"line":54,"column":5}},"16":{"start":{"line":49,"column":17},"end":{"line":49,"column":18}},"17":{"start":{"line":50,"column":22},"end":{"line":50,"column":35}},"18":{"start":{"line":51,"column":23},"end":{"line":51,"column":40}},"19":{"start":{"line":52,"column":6},"end":{"line":52,"column":65}},"20":{"start":{"line":52,"column":52},"end":{"line":52,"column":65}},"21":{"start":{"line":53,"column":6},"end":{"line":53,"column":63}},"22":{"start":{"line":53,"column":50},"end":{"line":53,"column":63}},"23":{"start":{"line":55,"column":4},"end":{"line":55,"column":16}},"24":{"start":{"line":59,"column":4},"end":{"line":59,"column":22}},"25":{"start":{"line":63,"column":0},"end":{"line":63,"column":39}}},"fnMap":{"0":{"name":"(anonymous_0)","decl":{"start":{"line":10,"column":2},"end":{"line":10,"column":3}},"loc":{"start":{"line":10,"column":41},"end":{"line":16,"column":3}},"line":10},"1":{"name":"(anonymous_1)","decl":{"start":{"line":18,"column":2},"end":{"line":18,"column":3}},"loc":{"start":{"line":18,"column":18},"end":{"line":25,"column":3}},"line":18},"2":{"name":"(anonymous_2)","decl":{"start":{"line":29,"column":2},"end":{"line":29,"column":3}},"loc":{"start":{"line":29,"column":16},"end":{"line":31,"column":3}},"line":29},"3":{"name":"(anonymous_3)","decl":{"start":{"line":33,"column":2},"end":{"line":33,"column":3}},"loc":{"start":{"line":33,"column":23},"end":{"line":35,"column":3}},"line":33},"4":{"name":"(anonymous_4)","decl":{"start":{"line":37,"column":2},"end":{"line":37,"column":3}},"loc":{"start":{"line":37,"column":19},"end":{"line":39,"column":3}},"line":37},"5":{"name":"(anonymous_5)","decl":{"start":{"line":41,"column":2},"end":{"line":41,"column":3}},"loc":{"start":{"line":41,"column":17},"end":{"line":46,"column":3}},"line":41},"6":{"name":"(anonymous_6)","decl":{"start":{"line":48,"column":2},"end":{"line":48,"column":3}},"loc":{"start":{"line":48,"column":12},"end":{"line":56,"column":3}},"line":48},"7":{"name":"(anonymous_7)","decl":{"start":{"line":58,"column":2},"end":{"line":58,"column":3}},"loc":{"start":{"line":58,"column":13},"end":{"line":60,"column":3}},"line":58}},"branchMap":{"0":{"loc":{"start":{"line":52,"column":6},"end":{"line":52,"column":65}},"type":"if","locations":[{"start":{"line":52,"column":6},"end":{"line":52,"column":65}},{"start":{},"end":{}}],"line":52},"1":{"loc":{"start":{"line":53,"column":6},"end":{"line":53,"column":63}},"type":"if","locations":[{"start":{"line":53,"column":6},"end":{"line":53,"column":63}},{"start":{},"end":{}}],"line":53}},"s":{"0":1,"1":44,"2":44,"3":44,"4":44,"5":44,"6":51,"7":51,"8":18,"9":18,"10":19,"11":16,"12":16,"13":16,"14":16,"15":5,"16":5,"17":5,"18":5,"19":5,"20":3,"21":2,"22":0,"23":2,"24":11,"25":1},"f":{"0":44,"1":51,"2":18,"3":18,"4":19,"5":16,"6":5,"7":11},"b":{"0":[3,2],"1":[0,2]},"_coverageSchema":"1a1c01bbd47fc00a2c39e90264f33305004495a9","hash":"92fa1041736bdc40a8915dbb47fe1e5bc1cec2b2"}
}
