TN:
SF:blockchain.js
FN:4,(anonymous_0)
FN:12,(anonymous_1)
FN:23,(anonymous_2)
FN:27,(anonymous_3)
FN:31,(anonymous_4)
FN:35,(anonymous_5)
FN:42,(anonymous_6)
FN:52,(anonymous_7)
FNF:8
FNH:8
FNDA:9,(anonymous_0)
FNDA:45,(anonymous_1)
FNDA:1,(anonymous_2)
FNDA:1,(anonymous_3)
FNDA:8,(anonymous_4)
FNDA:8,(anonymous_5)
FNDA:13,(anonymous_6)
FNDA:10,(anonymous_7)
DA:1,1
DA:5,9
DA:6,9
DA:7,9
DA:8,9
DA:9,9
DA:14,45
DA:18,45
DA:24,1
DA:28,1
DA:32,8
DA:36,8
DA:37,8
DA:38,8
DA:39,8
DA:43,13
DA:44,36
DA:45,36
DA:46,36
DA:47,36
DA:49,13
DA:53,10
DA:57,1
LF:23
LH:23
BRDA:46,0,0,0
BRDA:46,0,1,36
BRDA:47,1,0,0
BRDA:47,1,1,36
BRF:4
BRH:2
end_of_record
TN:
SF:server.js
FN:18,(anonymous_0)
FN:27,(anonymous_1)
FN:41,runPythonAnalysis
FN:42,(anonymous_3)
FN:43,(anonymous_4)
FN:64,(anonymous_5)
FN:97,(anonymous_6)
FN:102,(anonymous_7)
FN:110,(anonymous_8)
FNF:9
FNH:9
FNDA:11,(anonymous_0)
FNDA:12,(anonymous_1)
FNDA:11,runPythonAnalysis
FNDA:11,(anonymous_3)
FNDA:11,(anonymous_4)
FNDA:12,(anonymous_5)
FNDA:11,(anonymous_6)
FNDA:1,(anonymous_7)
FNDA:5,(anonymous_8)
DA:1,1
DA:2,1
DA:3,1
DA:4,1
DA:5,1
DA:6,1
DA:7,1
DA:9,1
DA:10,1
DA:12,1
DA:13,1
DA:16,1
DA:19,11
DA:20,11
DA:24,1
DA:28,12
DA:29,12
DA:30,11
DA:32,1
DA:38,1
DA:42,11
DA:43,11
DA:44,11
DA:46,3
DA:47,3
DA:48,2
DA:50,1
DA:52,3
DA:54,8
DA:55,8
DA:57,0
DA:64,1
DA:65,12
DA:66,1
DA:69,11
DA:71,11
DA:72,11
DA:74,8
DA:75,0
DA:79,8
DA:86,8
DA:88,8
DA:94,3
DA:97,11
DA:102,1
DA:103,1
DA:104,1
DA:106,0
DA:110,1
DA:111,5
DA:127,1
LF:51
LH:48
BRDA:29,0,0,11
BRDA:29,0,1,1
BRDA:29,1,0,12
BRDA:29,1,1,1
BRDA:44,2,0,3
BRDA:44,2,1,8
BRDA:48,3,0,2
BRDA:48,3,1,0
BRDA:48,3,2,0
BRDA:50,4,0,1
BRDA:50,4,1,0
BRDA:65,5,0,1
BRDA:65,5,1,11
BRDA:74,6,0,0
BRDA:74,6,1,8
BRDA:103,7,0,1
BRDA:103,7,1,0
BRDA:103,8,0,1
BRDA:103,8,1,1
BRDA:103,8,2,1
BRF:20
BRH:15
end_of_record
TN:
SF:__testHelpers__/blockchainFactory.js
FN:10,(anonymous_0)
FN:18,(anonymous_1)
FN:29,(anonymous_2)
FN:33,(anonymous_3)
FN:37,(anonymous_4)
FN:41,(anonymous_5)
FN:48,(anonymous_6)
FN:58,(anonymous_7)
FNF:8
FNH:8
FNDA:44,(anonymous_0)
FNDA:51,(anonymous_1)
FNDA:18,(anonymous_2)
FNDA:18,(anonymous_3)
FNDA:19,(anonymous_4)
FNDA:16,(anonymous_5)
FNDA:5,(anonymous_6)
FNDA:11,(anonymous_7)
DA:7,1
DA:11,44
DA:12,44
DA:13,44
DA:14,44
DA:15,44
DA:20,51
DA:24,51
DA:30,18
DA:34,18
DA:38,19
DA:42,16
DA:43,16
DA:44,16
DA:45,16
DA:49,5
DA:50,5
DA:51,5
DA:52,5
DA:53,2
DA:55,2
DA:59,11
DA:63,1
LF:23
LH:23
BRDA:52,0,0,3
BRDA:52,0,1,2
BRDA:53,1,0,0
BRDA:53,1,1,2
BRF:4
BRH:3
end_of_record
